Determining if the pthread_create exist failed with the following output:
Change Dir: /home/alex/catkin_ws/src/ROS_Ackerman_Monster_Truck_/build-Monster_Truck_UI-Desktop-Default/CMakeFiles/CMakeTmp

Run Build Command:"/usr/bin/make" "cmTC_ec11f/fast"
/usr/bin/make -f CMakeFiles/cmTC_ec11f.dir/build.make CMakeFiles/cmTC_ec11f.dir/build
make[1]: Entering directory '/home/alex/catkin_ws/src/ROS_Ackerman_Monster_Truck_/build-Monster_Truck_UI-Desktop-Default/CMakeFiles/CMakeTmp'
Building C object CMakeFiles/cmTC_ec11f.dir/CheckSymbolExists.c.o
/usr/bin/gcc    -o CMakeFiles/cmTC_ec11f.dir/CheckSymbolExists.c.o   -c /home/alex/catkin_ws/src/ROS_Ackerman_Monster_Truck_/build-Monster_Truck_UI-Desktop-Default/CMakeFiles/CMakeTmp/CheckSymbolExists.c
Linking C executable cmTC_ec11f
/usr/bin/cmake -E cmake_link_script CMakeFiles/cmTC_ec11f.dir/link.txt --verbose=1
/usr/bin/gcc      -rdynamic CMakeFiles/cmTC_ec11f.dir/CheckSymbolExists.c.o  -o cmTC_ec11f 
CMakeFiles/cmTC_ec11f.dir/CheckSymbolExists.c.o: In function `main':
CheckSymbolExists.c:(.text+0x1b): undefined reference to `pthread_create'
collect2: error: ld returned 1 exit status
CMakeFiles/cmTC_ec11f.dir/build.make:97: recipe for target 'cmTC_ec11f' failed
make[1]: *** [cmTC_ec11f] Error 1
make[1]: Leaving directory '/home/alex/catkin_ws/src/ROS_Ackerman_Monster_Truck_/build-Monster_Truck_UI-Desktop-Default/CMakeFiles/CMakeTmp'
Makefile:126: recipe for target 'cmTC_ec11f/fast' failed
make: *** [cmTC_ec11f/fast] Error 2

File /home/alex/catkin_ws/src/ROS_Ackerman_Monster_Truck_/build-Monster_Truck_UI-Desktop-Default/CMakeFiles/CMakeTmp/CheckSymbolExists.c:
/* */
#include <pthread.h>

int main(int argc, char** argv)
{
  (void)argv;
#ifndef pthread_create
  return ((int*)(&pthread_create))[argc];
#else
  (void)argc;
  return 0;
#endif
}

Determining if the function pthread_create exists in the pthreads failed with the following output:
Change Dir: /home/alex/catkin_ws/src/ROS_Ackerman_Monster_Truck_/build-Monster_Truck_UI-Desktop-Default/CMakeFiles/CMakeTmp

Run Build Command:"/usr/bin/make" "cmTC_eb8cb/fast"
/usr/bin/make -f CMakeFiles/cmTC_eb8cb.dir/build.make CMakeFiles/cmTC_eb8cb.dir/build
make[1]: Entering directory '/home/alex/catkin_ws/src/ROS_Ackerman_Monster_Truck_/build-Monster_Truck_UI-Desktop-Default/CMakeFiles/CMakeTmp'
Building C object CMakeFiles/cmTC_eb8cb.dir/CheckFunctionExists.c.o
/usr/bin/gcc   -DCHECK_FUNCTION_EXISTS=pthread_create   -o CMakeFiles/cmTC_eb8cb.dir/CheckFunctionExists.c.o   -c /usr/share/cmake-3.10/Modules/CheckFunctionExists.c
Linking C executable cmTC_eb8cb
/usr/bin/cmake -E cmake_link_script CMakeFiles/cmTC_eb8cb.dir/link.txt --verbose=1
/usr/bin/gcc  -DCHECK_FUNCTION_EXISTS=pthread_create    -rdynamic CMakeFiles/cmTC_eb8cb.dir/CheckFunctionExists.c.o  -o cmTC_eb8cb -lpthreads 
/usr/bin/ld: cannot find -lpthreads
collect2: error: ld returned 1 exit status
CMakeFiles/cmTC_eb8cb.dir/build.make:97: recipe for target 'cmTC_eb8cb' failed
make[1]: *** [cmTC_eb8cb] Error 1
make[1]: Leaving directory '/home/alex/catkin_ws/src/ROS_Ackerman_Monster_Truck_/build-Monster_Truck_UI-Desktop-Default/CMakeFiles/CMakeTmp'
Makefile:126: recipe for target 'cmTC_eb8cb/fast' failed
make: *** [cmTC_eb8cb/fast] Error 2


